<?xml version="1.0" encoding="UTF-8"?>
<!-- Generated by org.testng.reporters.JUnitReportReporter -->
<testsuite hostname="LAPTOP-7FRJBO5L" failures="0" tests="2" name="com.testng.Nandhu_Ignore" time="0.009" errors="0" timestamp="2021-12-30T06:42:01 IST" skipped="0">
  <testcase classname="com.testng.Nandhu_Ignore" name="login" time="0.007"/>
  <system-out/>
  <testcase classname="com.testng.Nandhu_Ignore" name="home_Page" time="0.002"/>
  <system-out/>
</testsuite> <!-- com.testng.Nandhu_Ignore -->
