<?xml version="1.0" encoding="UTF-8"?>
<!-- Generated by org.testng.reporters.JUnitReportReporter -->
<testsuite hostname="LAPTOP-7FRJBO5L" failures="0" tests="14" name="com.testng.Simple_Annotation" time="0.023" errors="0" timestamp="2021-11-24T00:34:46 IST" skipped="0">
  <testcase classname="com.testng.Simple_Annotation" name="apple" time="0.004"/>
  <system-out/>
  <testcase classname="com.testng.Simple_Annotation" name="apple" time="0.001"/>
  <system-out/>
  <testcase classname="com.testng.Simple_Annotation" name="TvSearch" time="0.002"/>
  <system-out/>
  <testcase classname="com.testng.Simple_Annotation" name="LaptopSearch" time="0.002"/>
  <system-out/>
  <testcase classname="com.testng.Simple_Annotation" name="mobileSearch" time="0.001"/>
  <system-out/>
  <testcase classname="com.testng.Simple_Annotation" name="mobileSearch" time="0.001"/>
  <system-out/>
  <testcase classname="com.testng.Simple_Annotation" name="mobileSearch" time="0.001"/>
  <system-out/>
  <testcase classname="com.testng.Simple_Annotation" name="mobileSearch" time="0.003"/>
  <system-out/>
  <testcase classname="com.testng.Simple_Annotation" name="mobileSearch" time="0.000"/>
  <system-out/>
  <testcase classname="com.testng.Simple_Annotation" name="mobileSearch" time="0.002"/>
  <system-out/>
  <testcase classname="com.testng.Simple_Annotation" name="mobileSearch" time="0.001"/>
  <system-out/>
  <testcase classname="com.testng.Simple_Annotation" name="mobileSearch" time="0.002"/>
  <system-out/>
  <testcase classname="com.testng.Simple_Annotation" name="mobileSearch" time="0.001"/>
  <system-out/>
  <testcase classname="com.testng.Simple_Annotation" name="mobileSearch" time="0.002"/>
  <system-out/>
</testsuite> <!-- com.testng.Simple_Annotation -->
