<?xml version="1.0" encoding="UTF-8"?>
<!-- Generated by org.testng.reporters.JUnitReportReporter -->
<testsuite hostname="LAPTOP-7FRJBO5L" failures="0" tests="1" name="com.testng.TimeOut_Test" time="2.008" errors="0" timestamp="2021-11-26T08:20:36 IST" skipped="0">
  <testcase classname="com.testng.TimeOut_Test" name="login_Page" time="2.008"/>
  <system-out/>
</testsuite> <!-- com.testng.TimeOut_Test -->
