<?xml version="1.0" encoding="UTF-8"?>
<!-- Generated by org.testng.reporters.JUnitReportReporter -->
<testsuite hostname="LAPTOP-7FRJBO5L" failures="0" tests="5" name="com.testng.Grouping_Test" time="0.048" errors="0" timestamp="2021-12-30T06:35:42 IST" skipped="0">
  <testcase classname="com.testng.Grouping_Test" name="faceBook" time="0.008"/>
  <system-out/>
  <testcase classname="com.testng.Grouping_Test" name="Carrom" time="0.011"/>
  <system-out/>
  <testcase classname="com.testng.Grouping_Test" name="WhatsUp" time="0.017"/>
  <system-out/>
  <testcase classname="com.testng.Grouping_Test" name="chess" time="0.011"/>
  <system-out/>
  <testcase classname="com.testng.Grouping_Test" name="instagram" time="0.001"/>
  <system-out/>
</testsuite> <!-- com.testng.Grouping_Test -->
