<?xml version="1.0" encoding="UTF-8"?>
<!-- Generated by org.testng.reporters.JUnitReportReporter -->
<testsuite hostname="LAPTOP-7FRJBO5L" failures="0" tests="5" name="com.testng.Nandhu_Simple_Annotation" time="0.015" errors="0" timestamp="2021-12-28T00:39:30 IST" skipped="0">
  <testcase classname="com.testng.Nandhu_Simple_Annotation" name="apple" time="0.003"/>
  <system-out/>
  <testcase classname="com.testng.Nandhu_Simple_Annotation" name="apple" time="0.005"/>
  <system-out/>
  <testcase classname="com.testng.Nandhu_Simple_Annotation" name="TvSearch" time="0.002"/>
  <system-out/>
  <testcase classname="com.testng.Nandhu_Simple_Annotation" name="mobileSearch" time="0.003"/>
  <system-out/>
  <testcase classname="com.testng.Nandhu_Simple_Annotation" name="LaptopSearch" time="0.002"/>
  <system-out/>
</testsuite> <!-- com.testng.Nandhu_Simple_Annotation -->
