<?xml version="1.0" encoding="UTF-8"?>
<!-- Generated by org.testng.reporters.JUnitReportReporter -->
<testsuite hostname="LAPTOP-7FRJBO5L" failures="0" tests="3" name="com.testng.DataProvider_New" time="0.007" errors="0" timestamp="2021-11-27T08:41:18 IST" skipped="0">
  <testcase classname="com.testng.DataProvider_New" name="credentials" time="0.001"/>
  <system-out/>
  <testcase classname="com.testng.DataProvider_New" name="credentials" time="0.001"/>
  <system-out/>
  <testcase classname="com.testng.DataProvider_New" name="credentials" time="0.005"/>
  <system-out/>
</testsuite> <!-- com.testng.DataProvider_New -->
