<?xml version="1.0" encoding="UTF-8"?>
<!-- Generated by org.testng.reporters.JUnitReportReporter -->
<testsuite hostname="LAPTOP-7FRJBO5L" failures="0" tests="2" name="com.testng.Testing_G" time="0.000" errors="0" timestamp="2021-11-25T06:23:54 IST" skipped="0">
  <testcase classname="com.testng.Testing_G" name="pen" time="0.000"/>
  <system-out/>
  <testcase classname="com.testng.Testing_G" name="book" time="0.000"/>
  <system-out/>
</testsuite> <!-- com.testng.Testing_G -->
