<?xml version="1.0" encoding="UTF-8"?>
<!-- Generated by org.testng.reporters.JUnitReportReporter -->
<testsuite hostname="LAPTOP-7FRJBO5L" failures="0" tests="3" name="com.dec_testng.Grouping_Test" time="0.011" errors="0" timestamp="2021-12-31T07:27:09 IST" skipped="0">
  <testcase classname="com.dec_testng.Grouping_Test" name="instagram" time="0.000"/>
  <system-out/>
  <testcase classname="com.dec_testng.Grouping_Test" name="faceBook" time="0.010"/>
  <system-out/>
  <testcase classname="com.dec_testng.Grouping_Test" name="whats_app" time="0.001"/>
  <system-out/>
</testsuite> <!-- com.dec_testng.Grouping_Test -->
