<?xml version="1.0" encoding="UTF-8"?>
<!-- Generated by org.testng.reporters.JUnitReportReporter -->
<testsuite hostname="LAPTOP-7FRJBO5L" failures="0" tests="3" name="com.testng.DataProvider" time="0.006" errors="0" timestamp="2022-01-27T07:07:42 IST" skipped="0">
  <testcase classname="com.testng.DataProvider" name="credentials" time="0.001"/>
  <system-out/>
  <testcase classname="com.testng.DataProvider" name="credentials" time="0.001"/>
  <system-out/>
  <testcase classname="com.testng.DataProvider" name="credentials" time="0.004"/>
  <system-out/>
</testsuite> <!-- com.testng.DataProvider -->
