<?xml version="1.0" encoding="UTF-8"?>
<!-- Generated by org.testng.reporters.JUnitReportReporter -->
<testsuite hostname="LAPTOP-7FRJBO5L" failures="0" tests="14" name="com.testng.SimpleAnnotation" time="0.043" errors="0" timestamp="2021-11-23T08:49:31 IST" skipped="0">
  <testcase classname="com.testng.SimpleAnnotation" name="apple" time="0.004"/>
  <system-out/>
  <testcase classname="com.testng.SimpleAnnotation" name="apple" time="0.003"/>
  <system-out/>
  <testcase classname="com.testng.SimpleAnnotation" name="TvSearch" time="0.002"/>
  <system-out/>
  <testcase classname="com.testng.SimpleAnnotation" name="LaptopSearch" time="0.002"/>
  <system-out/>
  <testcase classname="com.testng.SimpleAnnotation" name="mobileSearch" time="0.001"/>
  <system-out/>
  <testcase classname="com.testng.SimpleAnnotation" name="mobileSearch" time="0.004"/>
  <system-out/>
  <testcase classname="com.testng.SimpleAnnotation" name="mobileSearch" time="0.001"/>
  <system-out/>
  <testcase classname="com.testng.SimpleAnnotation" name="mobileSearch" time="0.002"/>
  <system-out/>
  <testcase classname="com.testng.SimpleAnnotation" name="mobileSearch" time="0.000"/>
  <system-out/>
  <testcase classname="com.testng.SimpleAnnotation" name="mobileSearch" time="0.008"/>
  <system-out/>
  <testcase classname="com.testng.SimpleAnnotation" name="mobileSearch" time="0.003"/>
  <system-out/>
  <testcase classname="com.testng.SimpleAnnotation" name="mobileSearch" time="0.007"/>
  <system-out/>
  <testcase classname="com.testng.SimpleAnnotation" name="mobileSearch" time="0.006"/>
  <system-out/>
  <testcase classname="com.testng.SimpleAnnotation" name="mobileSearch" time="0.000"/>
  <system-out/>
</testsuite> <!-- com.testng.SimpleAnnotation -->
