<?xml version="1.0" encoding="UTF-8"?>
<!-- Generated by org.testng.reporters.JUnitReportReporter -->
<testsuite hostname="LAPTOP-7FRJBO5L" failures="0" tests="3" name="com.testng.DataProvider" time="0.008" errors="0" timestamp="2021-11-27T06:13:01 IST" skipped="0">
  <testcase classname="com.testng.DataProvider" name="credentials" time="0.006"/>
  <system-out/>
  <testcase classname="com.testng.DataProvider" name="credentials" time="0.001"/>
  <system-out/>
  <testcase classname="com.testng.DataProvider" name="credentials" time="0.001"/>
  <system-out/>
</testsuite> <!-- com.testng.DataProvider -->
