<?xml version="1.0" encoding="UTF-8"?>
<!-- Generated by org.testng.reporters.JUnitReportReporter -->
<testsuite hostname="LAPTOP-7FRJBO5L" failures="0" tests="1" name="com.dec_testng.ExceptedException" time="0.012" errors="0" timestamp="2021-12-30T07:44:33 IST" skipped="0">
  <testcase classname="com.dec_testng.ExceptedException" name="methodDemo" time="0.012"/>
  <system-out/>
</testsuite> <!-- com.dec_testng.ExceptedException -->
