<?xml version="1.0" encoding="UTF-8"?>
<!-- Generated by org.testng.reporters.JUnitReportReporter -->
<testsuite hostname="LAPTOP-7FRJBO5L" failures="0" tests="3" name="com.testng.DataProv" time="0.013" errors="0" timestamp="2021-11-27T09:01:32 IST" skipped="0">
  <testcase classname="com.testng.DataProv" name="gg" time="0.002"/>
  <system-out/>
  <testcase classname="com.testng.DataProv" name="gg" time="0.003"/>
  <system-out/>
  <testcase classname="com.testng.DataProv" name="gg" time="0.008"/>
  <system-out/>
</testsuite> <!-- com.testng.DataProv -->
