<?xml version="1.0" encoding="UTF-8"?>
<!-- Generated by org.testng.reporters.JUnitReportReporter -->
<testsuite hostname="LAPTOP-7FRJBO5L" failures="0" tests="3" name="com.dec_testng.SimpleAnnotation" time="0.005" errors="0" timestamp="2021-12-29T08:01:25 IST" skipped="1">
  <testcase classname="com.dec_testng.SimpleAnnotation" name="mobileSearch" time="0.001"/>
  <system-out/>
  <testcase classname="com.dec_testng.SimpleAnnotation" name="BookSearch" time="0.004"/>
  <system-out/>
  <testcase classname="com.dec_testng.SimpleAnnotation" name="onida_tv">
    <skipped/>
  </testcase> <!-- onida_tv -->
  <system-out/>
</testsuite> <!-- com.dec_testng.SimpleAnnotation -->
