<?xml version="1.0" encoding="UTF-8"?>
<!-- Generated by org.testng.reporters.JUnitReportReporter -->
<testsuite hostname="LAPTOP-7FRJBO5L" failures="0" tests="2" name="com.dec_testng.Depends_On_Methods" time="0.009" errors="0" timestamp="2021-12-30T07:33:50 IST" skipped="0">
  <testcase classname="com.dec_testng.Depends_On_Methods" name="home_Page" time="0.007"/>
  <system-out/>
  <testcase classname="com.dec_testng.Depends_On_Methods" name="credential" time="0.002"/>
  <system-out/>
</testsuite> <!-- com.dec_testng.Depends_On_Methods -->
