<?xml version="1.0" encoding="UTF-8"?>
<!-- Generated by org.testng.reporters.JUnitReportReporter -->
<testsuite hostname="LAPTOP-7FRJBO5L" failures="0" tests="1" name="com.testng.Excpected_Test" time="0.007" errors="0" timestamp="2021-12-30T06:36:48 IST" skipped="0">
  <testcase classname="com.testng.Excpected_Test" name="zero_Error" time="0.007"/>
  <system-out/>
</testsuite> <!-- com.testng.Excpected_Test -->
