<?xml version="1.0" encoding="UTF-8"?>
<!-- Generated by org.testng.reporters.JUnitReportReporter -->
<testsuite hostname="LAPTOP-7FRJBO5L" failures="0" tests="2" name="com.testng.Ignore_Test" time="4.029" errors="0" timestamp="2021-11-25T06:07:15 IST" skipped="0">
  <testcase classname="com.testng.Ignore_Test" name="ug_Student" time="4.023"/>
  <system-out/>
  <testcase classname="com.testng.Ignore_Test" name="demo" time="0.006"/>
  <system-out/>
</testsuite> <!-- com.testng.Ignore_Test -->
