<?xml version="1.0" encoding="UTF-8"?>
<!-- Generated by org.testng.reporters.JUnitReportReporter -->
<testsuite hostname="LAPTOP-7FRJBO5L" failures="0" tests="1" name="com.dec_testng.TimeOut_Exception" time="2.027" errors="0" timestamp="2021-12-30T07:49:12 IST" skipped="0">
  <testcase classname="com.dec_testng.TimeOut_Exception" name="login_Page" time="2.027"/>
  <system-out/>
</testsuite> <!-- com.dec_testng.TimeOut_Exception -->
