<?xml version="1.0" encoding="UTF-8"?>
<!-- Generated by org.testng.reporters.JUnitReportReporter -->
<testsuite hostname="LAPTOP-7FRJBO5L" failures="0" tests="1" name="com.dec_testng.Assert_HS" time="0.008" errors="0" timestamp="2022-01-07T07:32:13 IST" skipped="0">
  <testcase classname="com.dec_testng.Assert_HS" name="dataValidate" time="0.008"/>
  <system-out/>
</testsuite> <!-- com.dec_testng.Assert_HS -->
