<?xml version="1.0" encoding="UTF-8"?>
<!-- Generated by org.testng.reporters.JUnitReportReporter -->
<testsuite hostname="LAPTOP-7FRJBO5L" failures="0" tests="1" name="com.dec_testng.ParameterizedTest" time="0.006" errors="0" timestamp="2022-01-03T07:47:58 IST" skipped="0">
  <testcase classname="com.dec_testng.ParameterizedTest" name="credential" time="0.006"/>
  <system-out/>
</testsuite> <!-- com.dec_testng.ParameterizedTest -->
