<?xml version="1.0" encoding="UTF-8"?>
<!-- Generated by org.testng.reporters.JUnitReportReporter -->
<testsuite hostname="LAPTOP-7FRJBO5L" failures="0" tests="3" name="com.dec_testng.DataProviderTest" time="0.009" errors="0" timestamp="2022-01-04T07:09:37 IST" skipped="0">
  <testcase classname="com.dec_testng.DataProviderTest" name="gg" time="0.002"/>
  <system-out/>
  <testcase classname="com.dec_testng.DataProviderTest" name="gg" time="0.003"/>
  <system-out/>
  <testcase classname="com.dec_testng.DataProviderTest" name="gg" time="0.004"/>
  <system-out/>
</testsuite> <!-- com.dec_testng.DataProviderTest -->
