<?xml version="1.0" encoding="UTF-8"?>
<!-- Generated by org.testng.reporters.JUnitReportReporter -->
<testsuite hostname="LAPTOP-7FRJBO5L" failures="0" tests="3" name="com.testng_Nandhini.DataProvid" time="0.008" errors="0" timestamp="2022-03-05T09:24:36 IST" skipped="0">
  <testcase classname="com.testng_Nandhini.DataProvid" name="credential" time="0.003"/>
  <system-out/>
  <testcase classname="com.testng_Nandhini.DataProvid" name="credential" time="0.000"/>
  <system-out/>
  <testcase classname="com.testng_Nandhini.DataProvid" name="credential" time="0.005"/>
  <system-out/>
</testsuite> <!-- com.testng_Nandhini.DataProvid -->
