<?xml version="1.0" encoding="UTF-8"?>
<!-- Generated by org.testng.reporters.JUnitReportReporter -->
<testsuite hostname="LAPTOP-7FRJBO5L" failures="0" tests="1" name="com.testng.Parameterized_Test" time="0.000" errors="0" timestamp="2022-01-03T06:33:51 IST" skipped="0">
  <testcase classname="com.testng.Parameterized_Test" name="credential" time="0.000"/>
  <system-out/>
</testsuite> <!-- com.testng.Parameterized_Test -->
