<?xml version="1.0" encoding="UTF-8"?>
<!-- Generated by org.testng.reporters.JUnitReportReporter -->
<testsuite hostname="LAPTOP-7FRJBO5L" failures="0" tests="3" name="com.dec_testng.DataProvider_Automation" time="40.509" errors="0" timestamp="2022-01-04T07:20:18 IST" skipped="0">
  <testcase classname="com.dec_testng.DataProvider_Automation" name="automationPractise" time="17.035"/>
  <system-out/>
  <testcase classname="com.dec_testng.DataProvider_Automation" name="automationPractise" time="12.756"/>
  <system-out/>
  <testcase classname="com.dec_testng.DataProvider_Automation" name="automationPractise" time="10.718"/>
  <system-out/>
</testsuite> <!-- com.dec_testng.DataProvider_Automation -->
