<?xml version="1.0" encoding="UTF-8"?>
<!-- Generated by org.testng.reporters.JUnitReportReporter -->
<testsuite hostname="LAPTOP-7FRJBO5L" failures="0" tests="1" name="com.testng.DataProvide" time="0.008" errors="0" timestamp="2021-11-26T06:09:39 IST" skipped="0">
  <testcase classname="com.testng.DataProvide" name="credentials" time="0.008"/>
  <system-out/>
</testsuite> <!-- com.testng.DataProvide -->
