<?xml version="1.0" encoding="UTF-8"?>
<!-- Generated by org.testng.reporters.JUnitReportReporter -->
<testsuite hostname="LAPTOP-7FRJBO5L" failures="0" tests="4" name="com.testng.Nandhu_Simple_Annotation" time="0.009" errors="0" timestamp="2021-11-24T01:14:16 IST" skipped="0">
  <testcase classname="com.testng.Nandhu_Simple_Annotation" name="apple" time="0.004"/>
  <system-out/>
  <testcase classname="com.testng.Nandhu_Simple_Annotation" name="apple" time="0.002"/>
  <system-out/>
  <testcase classname="com.testng.Nandhu_Simple_Annotation" name="TvSearch" time="0.001"/>
  <system-out/>
  <testcase classname="com.testng.Nandhu_Simple_Annotation" name="mobileSearch" time="0.002"/>
  <system-out/>
</testsuite> <!-- com.testng.Nandhu_Simple_Annotation -->
